<?xml version="1.0" encoding="UTF-8"?>
<!-- Generated by org.testng.reporters.JUnitXMLReporter -->
<testsuite ignored="0" hostname="DESKTOP-OUO195E" failures="1" tests="9" name="TestLISTENING" time="0.086" errors="0" timestamp="2024-11-11T15:24:06 IST">
  <testcase classname="listeners.TSUITE" name="r11" time="0.01"/>
  <testcase classname="listeners.TSUITE" name="r12" time="0.004">
    <failure type="java.lang.AssertionError" message="null">
      <![CDATA[java.lang.AssertionError: null
at listeners.TSUITE.r12(TSUITE.java:22)
at java.base/java.util.ArrayList.forEach(ArrayList.java:1511)
... Removed 29 stack frames]]>
    </failure>
  </testcase> <!-- r12 -->
  <testcase classname="listeners.TSUITE" name="r13" time="0.001"/>
  <testcase classname="listeners.TSUITE" name="r14" time="0.001"/>
  <testcase classname="listeners.TSUITE" name="r15" time="0.001"/>
  <testcase classname="listeners.TSUITE" name="r16" time="0.001"/>
  <testcase classname="listeners.TSUITE" name="r17" time="0.002"/>
  <testcase classname="listeners.TSUITE" name="r18" time="0.001"/>
  <testcase classname="listeners.TSUITE" name="r19" time="0.001"/>
</testsuite> <!-- TestLISTENING -->
