<?xml version="1.0" encoding="UTF-8"?>
<!-- Generated by org.testng.reporters.JUnitXMLReporter -->
<testsuite ignored="3" hostname="DESKTOP-OUO195E" failures="1" tests="2" name="Test" time="0.103" errors="0" timestamp="2024-10-27T01:10:34 IST">
  <testcase classname="testngGrouping.TestingGrouping1" name="w11" time="0.011"/>
  <testcase classname="testngGrouping.TestingGrouping1" name="w14" time="0.004">
    <failure type="java.lang.AssertionError" message="null">
      <![CDATA[java.lang.AssertionError: null
at testngGrouping.TestingGrouping1.w14(TestingGrouping1.java:36)
at java.base/java.util.ArrayList.forEach(ArrayList.java:1511)
... Removed 29 stack frames]]>
    </failure>
  </testcase> <!-- w14 -->
  <testcase classname="testngGrouping.TestingGrouping1" name="w13" time="0.0">
    <ignored/>
  </testcase> <!-- w13 -->
  <testcase classname="testngGrouping.TestingGrouping1" name="w12" time="0.0">
    <ignored/>
  </testcase> <!-- w12 -->
  <testcase classname="testngGrouping.TestingGrouping1" name="w15" time="0.0">
    <ignored/>
  </testcase> <!-- w15 -->
</testsuite> <!-- Test -->
