<?xml version="1.0" encoding="UTF-8"?>
<!-- Generated by org.testng.reporters.JUnitXMLReporter -->
<testsuite ignored="22" hostname="DESKTOP-OUO195E" failures="6" tests="7" name="TestPackageLevel(failed)" time="0.112" errors="0" timestamp="2024-10-25T14:04:31 IST">
  <testcase classname="testNG.Keyword2" name="pu4" time="0.014">
    <failure type="java.lang.AssertionError" message="null">
      <![CDATA[java.lang.AssertionError: null
at testNG.Keyword2.pu4(Keyword2.java:36)
at java.base/java.util.ArrayList.forEach(ArrayList.java:1511)
... Removed 29 stack frames]]>
    </failure>
  </testcase> <!-- pu4 -->
  <testcase classname="testNG.TestSuit2" name="t18" time="0.002">
    <failure type="java.lang.AssertionError" message="null">
      <![CDATA[java.lang.AssertionError: null
at testNG.TestSuit2.t18(TestSuit2.java:59)
at java.base/java.util.ArrayList.forEach(ArrayList.java:1511)
... Removed 29 stack frames]]>
    </failure>
  </testcase> <!-- t18 -->
  <testcase classname="testNG.TestSuit2" name="t19" time="0.001">
    <failure type="java.lang.AssertionError" message="null">
      <![CDATA[java.lang.AssertionError: null
at testNG.TestSuit2.t19(TestSuit2.java:67)
at java.base/java.util.ArrayList.forEach(ArrayList.java:1511)
... Removed 29 stack frames]]>
    </failure>
  </testcase> <!-- t19 -->
  <testcase classname="testNG.TestSuit1" name="t3" time="0.001">
    <failure type="java.lang.AssertionError" message="null">
      <![CDATA[java.lang.AssertionError: null
at testNG.TestSuit1.t3(TestSuit1.java:27)
at java.base/java.util.ArrayList.forEach(ArrayList.java:1511)
... Removed 29 stack frames]]>
    </failure>
  </testcase> <!-- t3 -->
  <testcase classname="testNG.TestSuit1" name="t4" time="0.002">
    <failure type="java.lang.AssertionError" message="null">
      <![CDATA[java.lang.AssertionError: null
at testNG.TestSuit1.t4(TestSuit1.java:35)
at java.base/java.util.ArrayList.forEach(ArrayList.java:1511)
... Removed 29 stack frames]]>
    </failure>
  </testcase> <!-- t4 -->
  <testcase classname="testNG.Keyword3" name="pu5" time="0.001">
    <failure type="java.lang.AssertionError" message="null">
      <![CDATA[java.lang.AssertionError: null
at testNG.Keyword3.pu5(Keyword3.java:44)
at java.base/java.util.ArrayList.forEach(ArrayList.java:1511)
... Removed 29 stack frames]]>
    </failure>
  </testcase> <!-- pu5 -->
  <testcase classname="testNG.Keyword3" name="pu1" time="0.0">
    <skipped/>
  </testcase> <!-- pu1 -->
  <testcase classname="testNG.Keyword2" name="pu5" time="0.0">
    <ignored/>
  </testcase> <!-- pu5 -->
  <testcase classname="testNG.TestSuit2" name="t17" time="0.0">
    <ignored/>
  </testcase> <!-- t17 -->
  <testcase classname="testNG.TestSuit2" name="t16" time="0.0">
    <ignored/>
  </testcase> <!-- t16 -->
  <testcase classname="testNG.TestSuit2" name="t15" time="0.0">
    <ignored/>
  </testcase> <!-- t15 -->
  <testcase classname="testNG.TestSuit2" name="t14" time="0.0">
    <ignored/>
  </testcase> <!-- t14 -->
  <testcase classname="testNG.Keyword2" name="pu1" time="0.0">
    <ignored/>
  </testcase> <!-- pu1 -->
  <testcase classname="testNG.TestSuit2" name="t13" time="0.0">
    <ignored/>
  </testcase> <!-- t13 -->
  <testcase classname="testNG.TestSuit2" name="t12" time="0.0">
    <ignored/>
  </testcase> <!-- t12 -->
  <testcase classname="testNG.Keyword2" name="pu3" time="0.0">
    <ignored/>
  </testcase> <!-- pu3 -->
  <testcase classname="testNG.TestSuit2" name="t11" time="0.0">
    <ignored/>
  </testcase> <!-- t11 -->
  <testcase classname="testNG.Keyword2" name="pu2" time="0.0">
    <ignored/>
  </testcase> <!-- pu2 -->
  <testcase classname="testNG.TestSuit2" name="t20" time="0.0">
    <ignored/>
  </testcase> <!-- t20 -->
  <testcase classname="testNG.Keyword3" name="pu4" time="0.0">
    <ignored/>
  </testcase> <!-- pu4 -->
  <testcase classname="testNG.TestSuit1" name="t1" time="0.0">
    <ignored/>
  </testcase> <!-- t1 -->
  <testcase classname="testNG.Keyword3" name="pu3" time="0.0">
    <ignored/>
  </testcase> <!-- pu3 -->
  <testcase classname="testNG.TestSuit1" name="t2" time="0.0">
    <ignored/>
  </testcase> <!-- t2 -->
  <testcase classname="testNG.Keyword3" name="pu2" time="0.0">
    <ignored/>
  </testcase> <!-- pu2 -->
  <testcase classname="testNG.TestSuit1" name="t5" time="0.0">
    <ignored/>
  </testcase> <!-- t5 -->
  <testcase classname="testNG.TestSuit1" name="t6" time="0.0">
    <ignored/>
  </testcase> <!-- t6 -->
  <testcase classname="testNG.TestSuit1" name="t7" time="0.0">
    <ignored/>
  </testcase> <!-- t7 -->
  <testcase classname="testNG.TestSuit1" name="t8" time="0.0">
    <ignored/>
  </testcase> <!-- t8 -->
  <testcase classname="testNG.TestSuit1" name="t9" time="0.0">
    <ignored/>
  </testcase> <!-- t9 -->
</testsuite> <!-- TestPackageLevel(failed) -->
