<?xml version="1.0" encoding="UTF-8"?>
<!-- Generated by org.testng.reporters.JUnitXMLReporter -->
<testsuite ignored="0" hostname="DESKTOP-OUO195E" failures="4" tests="19" name="TestSuit1_2" time="0.128" errors="0" timestamp="2024-10-11T15:26:46 IST">
  <testcase classname="testNG.TestSuit1" name="t1" time="0.011"/>
  <testcase classname="testNG.TestSuit1" name="t2" time="0.001"/>
  <testcase classname="testNG.TestSuit1" name="t3" time="0.004">
    <failure type="java.lang.AssertionError" message="null">
      <![CDATA[java.lang.AssertionError: null
at testNG.TestSuit1.t3(TestSuit1.java:27)
at java.base/java.util.ArrayList.forEach(ArrayList.java:1511)
... Removed 29 stack frames]]>
    </failure>
  </testcase> <!-- t3 -->
  <testcase classname="testNG.TestSuit1" name="t4" time="0.001">
    <failure type="java.lang.AssertionError" message="null">
      <![CDATA[java.lang.AssertionError: null
at testNG.TestSuit1.t4(TestSuit1.java:35)
at java.base/java.util.ArrayList.forEach(ArrayList.java:1511)
... Removed 29 stack frames]]>
    </failure>
  </testcase> <!-- t4 -->
  <testcase classname="testNG.TestSuit1" name="t5" time="0.001"/>
  <testcase classname="testNG.TestSuit1" name="t6" time="0.002"/>
  <testcase classname="testNG.TestSuit1" name="t7" time="0.001"/>
  <testcase classname="testNG.TestSuit1" name="t8" time="0.001"/>
  <testcase classname="testNG.TestSuit1" name="t9" time="0.002"/>
  <testcase classname="testNG.TestSuit2" name="t11" time="0.001"/>
  <testcase classname="testNG.TestSuit2" name="t12" time="0.001"/>
  <testcase classname="testNG.TestSuit2" name="t13" time="0.001"/>
  <testcase classname="testNG.TestSuit2" name="t14" time="0.002"/>
  <testcase classname="testNG.TestSuit2" name="t15" time="0.001"/>
  <testcase classname="testNG.TestSuit2" name="t16" time="0.001"/>
  <testcase classname="testNG.TestSuit2" name="t17" time="0.001"/>
  <testcase classname="testNG.TestSuit2" name="t18" time="0.001">
    <failure type="java.lang.AssertionError" message="null">
      <![CDATA[java.lang.AssertionError: null
at testNG.TestSuit2.t18(TestSuit2.java:59)
at java.base/java.util.ArrayList.forEach(ArrayList.java:1511)
... Removed 29 stack frames]]>
    </failure>
  </testcase> <!-- t18 -->
  <testcase classname="testNG.TestSuit2" name="t19" time="0.001">
    <failure type="java.lang.AssertionError" message="null">
      <![CDATA[java.lang.AssertionError: null
at testNG.TestSuit2.t19(TestSuit2.java:67)
at java.base/java.util.ArrayList.forEach(ArrayList.java:1511)
... Removed 29 stack frames]]>
    </failure>
  </testcase> <!-- t19 -->
  <testcase classname="testNG.TestSuit2" name="t20" time="0.001"/>
</testsuite> <!-- TestSuit1_2 -->
