<?xml version="1.0" encoding="UTF-8"?>
<!-- Generated by org.testng.reporters.JUnitXMLReporter -->
<testsuite ignored="1" hostname="DESKTOP-OUO195E" failures="0" tests="4" name="TestRegularExpression" time="0.106" errors="0" timestamp="2024-09-12T15:28:46 IST">
  <testcase classname="testngGrouping.TestingRegularExpression" name="w11" time="0.015"/>
  <testcase classname="testngGrouping.TestingRegularExpression" name="w12" time="0.001"/>
  <testcase classname="testngGrouping.TestingRegularExpression" name="w13" time="0.001"/>
  <testcase classname="testngGrouping.TestingRegularExpression" name="w14" time="0.001"/>
  <testcase classname="testngGrouping.TestingRegularExpression" name="w15" time="0.0">
    <ignored/>
  </testcase> <!-- w15 -->
</testsuite> <!-- TestRegularExpression -->
