<?xml version="1.0" encoding="UTF-8"?>
<!-- Generated by org.testng.reporters.JUnitXMLReporter -->
<testsuite ignored="1" hostname="DESKTOP-OUO195E" failures="1" tests="24" name="Test" time="0.188" errors="0" timestamp="2024-09-07T20:46:45 IST">
  <testcase classname="testNG.Keyword1" name="def" time="0.01"/>
  <testcase classname="testNG.Keyword1" name="mno" time="0.002"/>
  <testcase classname="testNG.Keyword1" name="pqr" time="0.002"/>
  <testcase classname="testNG.Keyword1" name="abc" time="0.002"/>
  <testcase classname="testNG.Keyword1" name="xyz" time="0.003"/>
  <testcase classname="testNG.Keyword2" name="pu3" time="0.001"/>
  <testcase classname="testNG.Keyword2" name="pu4" time="0.003"/>
  <testcase classname="testNG.Keyword2" name="pu5" time="0.002"/>
  <testcase classname="testNG.Keyword3" name="pu2" time="0.001"/>
  <testcase classname="testNG.Keyword3" name="pu3" time="0.002"/>
  <testcase classname="testNG.Keyword3" name="pu4" time="0.008"/>
  <testcase classname="testNG.Keyword3" name="pu5" time="0.005">
    <failure type="java.lang.AssertionError" message="null">
      <![CDATA[java.lang.AssertionError: null
at testNG.Keyword3.pu5(Keyword3.java:44)
at java.base/java.util.ArrayList.forEach(ArrayList.java:1511)
... Removed 29 stack frames]]>
    </failure>
  </testcase> <!-- pu5 -->
  <testcase classname="testNG.Keyword3" name="pu1" time="0.0">
    <skipped/>
  </testcase> <!-- pu1 -->
  <testcase classname="testNG.NewTest" name="f" time="0.001"/>
  <testcase classname="testNG.Testing1" name="method1" time="0.001"/>
  <testcase classname="testNG.TestSuit1" name="t1" time="0.002"/>
  <testcase classname="testNG.TestSuit1" name="t2" time="0.001"/>
  <testcase classname="testNG.TestSuit1" name="t3" time="0.003"/>
  <testcase classname="testNG.TestSuit1" name="t4" time="0.001"/>
  <testcase classname="testNG.TestSuit1" name="t5" time="0.001"/>
  <testcase classname="testNG.TestSuit1" name="t6" time="0.001"/>
  <testcase classname="testNG.TestSuit1" name="t7" time="0.001"/>
  <testcase classname="testNG.TestSuit1" name="t8" time="0.001"/>
  <testcase classname="testNG.TestSuit1" name="t9" time="0.001"/>
  <testcase classname="testNG.Keyword2" name="pu2" time="0.0">
    <ignored/>
  </testcase> <!-- pu2 -->
</testsuite> <!-- Test -->
