<?xml version="1.0" encoding="UTF-8"?>
<!-- Generated by org.testng.reporters.JUnitXMLReporter -->
<testsuite ignored="0" hostname="DESKTOP-OUO195E" failures="0" tests="9" name="Test" time="0.132" errors="0" timestamp="2024-09-08T23:56:05 IST">
  <testcase classname="testNG.TestSuit1" name="t1" time="0.016"/>
  <testcase classname="testNG.TestSuit1" name="t2" time="0.002"/>
  <testcase classname="testNG.TestSuit1" name="t3" time="0.002"/>
  <testcase classname="testNG.TestSuit1" name="t4" time="0.001"/>
  <testcase classname="testNG.TestSuit1" name="t5" time="0.001"/>
  <testcase classname="testNG.TestSuit1" name="t6" time="0.001"/>
  <testcase classname="testNG.TestSuit1" name="t7" time="0.002"/>
  <testcase classname="testNG.TestSuit1" name="t8" time="0.001"/>
  <testcase classname="testNG.TestSuit1" name="t9" time="0.0"/>
</testsuite> <!-- Test -->
