<?xml version="1.0" encoding="UTF-8"?>
<!-- Generated by org.testng.reporters.JUnitXMLReporter -->
<testsuite ignored="5" hostname="DESKTOP-OUO195E" failures="2" tests="10" name="TestClasslvlpract" time="0.125" errors="0" timestamp="2024-10-28T15:00:01 IST">
  <testcase classname="testngGrouping.TestingMetagoup" name="w11" time="0.011"/>
  <testcase classname="testngGrouping.TestingMetagoup" name="w12" time="0.001"/>
  <testcase classname="testngGrouping.TestingMetagoup" name="w13" time="0.001"/>
  <testcase classname="testngGrouping.TestingMetagoup" name="w14" time="0.001"/>
  <testcase classname="testngGrouping.TestingMetagoup" name="w15" time="0.001"/>
  <testcase classname="testngGrouping.TestingGrouping1" name="w11" time="0.001"/>
  <testcase classname="testngGrouping.TestingGrouping1" name="w12" time="0.002"/>
  <testcase classname="testngGrouping.TestingGrouping1" name="w13" time="0.004">
    <failure type="java.lang.AssertionError" message="null">
      <![CDATA[java.lang.AssertionError: null
at testngGrouping.TestingGrouping1.w13(TestingGrouping1.java:28)
at java.base/java.util.ArrayList.forEach(ArrayList.java:1511)
... Removed 29 stack frames]]>
    </failure>
  </testcase> <!-- w13 -->
  <testcase classname="testngGrouping.TestingGrouping1" name="w14" time="0.002">
    <failure type="java.lang.AssertionError" message="null">
      <![CDATA[java.lang.AssertionError: null
at testngGrouping.TestingGrouping1.w14(TestingGrouping1.java:36)
at java.base/java.util.ArrayList.forEach(ArrayList.java:1511)
... Removed 29 stack frames]]>
    </failure>
  </testcase> <!-- w14 -->
  <testcase classname="testngGrouping.TestingGrouping1" name="w15" time="0.001"/>
  <testcase classname="testngGrouping.TestingRegularExpression" name="w13" time="0.0">
    <ignored/>
  </testcase> <!-- w13 -->
  <testcase classname="testngGrouping.TestingRegularExpression" name="w12" time="0.0">
    <ignored/>
  </testcase> <!-- w12 -->
  <testcase classname="testngGrouping.TestingRegularExpression" name="w15" time="0.0">
    <ignored/>
  </testcase> <!-- w15 -->
  <testcase classname="testngGrouping.TestingRegularExpression" name="w14" time="0.0">
    <ignored/>
  </testcase> <!-- w14 -->
  <testcase classname="testngGrouping.TestingRegularExpression" name="w11" time="0.0">
    <ignored/>
  </testcase> <!-- w11 -->
</testsuite> <!-- TestClasslvlpract -->
