<?xml version="1.0" encoding="UTF-8"?>
<!-- Generated by org.testng.reporters.JUnitXMLReporter -->
<testsuite ignored="1" hostname="DESKTOP-OUO195E" failures="1" tests="8" name="TestKey1_2" time="0.117" errors="0" timestamp="2024-10-12T22:16:27 IST">
  <testcase classname="testNG.Keyword2" name="pu3" time="0.012"/>
  <testcase classname="testNG.Keyword2" name="pu4" time="0.005">
    <failure type="java.lang.AssertionError" message="null">
      <![CDATA[java.lang.AssertionError: null
at testNG.Keyword2.pu4(Keyword2.java:36)
at java.base/java.util.ArrayList.forEach(ArrayList.java:1511)
... Removed 29 stack frames]]>
    </failure>
  </testcase> <!-- pu4 -->
  <testcase classname="testNG.Keyword2" name="pu5" time="0.002"/>
  <testcase classname="testNG.Keyword1" name="def" time="0.002"/>
  <testcase classname="testNG.Keyword1" name="mno" time="0.002"/>
  <testcase classname="testNG.Keyword1" name="pqr" time="0.001"/>
  <testcase classname="testNG.Keyword1" name="abc" time="0.002"/>
  <testcase classname="testNG.Keyword1" name="xyz" time="0.002"/>
  <testcase classname="testNG.Keyword2" name="pu2" time="0.0">
    <ignored/>
  </testcase> <!-- pu2 -->
</testsuite> <!-- TestKey1_2 -->
